<?xml version="1.0" encoding="UTF-8"?>
<testng-results skipped="0" failed="1" ignored="0" total="6" passed="5">
  <reporter-output>
    <line>
      <![CDATA[Title of web application :- Swag Labs]]>
    </line>
    <line>
      <![CDATA[URL of web application :- https://www.saucedemo.com/]]>
    </line>
    <line>
      <![CDATA[Bot Logo visibility :- ]]>
    </line>
    <line>
      <![CDATA[Login Logo visibility :- ]]>
    </line>
    <line>
      <![CDATA[Label Title :- PRODUCTS]]>
    </line>
  </reporter-output>
  <suite name="Default suite" duration-ms="58159" started-at="2022-10-29T07:48:44 IST" finished-at="2022-10-29T07:49:42 IST">
    <groups>
    </groups>
    <test name="Default test" duration-ms="58159" started-at="2022-10-29T07:48:44 IST" finished-at="2022-10-29T07:49:42 IST">
      <class name="TestCases.LoginPageTest">
        <test-method status="PASS" signature="setup()[pri:0, instance:TestCases.LoginPageTest@544a2ea6]" name="setup" is-config="true" duration-ms="11997" started-at="2022-10-29T07:48:44 IST" finished-at="2022-10-29T07:48:56 IST">
          <reporter-output>
          </reporter-output>
        </test-method> <!-- setup -->
        <test-method status="PASS" signature="verifyTitleTest()[pri:0, instance:TestCases.LoginPageTest@544a2ea6]" name="verifyTitleTest" duration-ms="36" started-at="2022-10-29T07:48:56 IST" finished-at="2022-10-29T07:48:56 IST">
          <reporter-output>
            <line>
              <![CDATA[Title of web application :- Swag Labs]]>
            </line>
          </reporter-output>
        </test-method> <!-- verifyTitleTest -->
        <test-method status="PASS" signature="closeBrowser(org.testng.ITestResult)[pri:0, instance:TestCases.LoginPageTest@544a2ea6]" name="closeBrowser" is-config="true" duration-ms="231" started-at="2022-10-29T07:48:56 IST" finished-at="2022-10-29T07:48:56 IST">
          <params>
            <param index="0">
              <value>
                <![CDATA[[TestResult name=verifyTitleTest status=SUCCESS method=LoginPageTest.verifyTitleTest()[pri:0, instance:TestCases.LoginPageTest@544a2ea6] output=Title of web application :- Swag Labs]]]>
              </value>
            </param>
          </params>
          <reporter-output>
          </reporter-output>
        </test-method> <!-- closeBrowser -->
        <test-method status="PASS" signature="setup()[pri:0, instance:TestCases.LoginPageTest@544a2ea6]" name="setup" is-config="true" duration-ms="3628" started-at="2022-10-29T07:48:56 IST" finished-at="2022-10-29T07:49:00 IST">
          <reporter-output>
          </reporter-output>
        </test-method> <!-- setup -->
        <test-method status="PASS" signature="verifyUrlTest()[pri:1, instance:TestCases.LoginPageTest@544a2ea6]" name="verifyUrlTest" duration-ms="2438" started-at="2022-10-29T07:49:00 IST" finished-at="2022-10-29T07:49:02 IST">
          <reporter-output>
            <line>
              <![CDATA[URL of web application :- https://www.saucedemo.com/]]>
            </line>
          </reporter-output>
        </test-method> <!-- verifyUrlTest -->
        <test-method status="PASS" signature="closeBrowser(org.testng.ITestResult)[pri:0, instance:TestCases.LoginPageTest@544a2ea6]" name="closeBrowser" is-config="true" duration-ms="236" started-at="2022-10-29T07:49:02 IST" finished-at="2022-10-29T07:49:02 IST">
          <params>
            <param index="0">
              <value>
                <![CDATA[[TestResult name=verifyUrlTest status=SUCCESS method=LoginPageTest.verifyUrlTest()[pri:1, instance:TestCases.LoginPageTest@544a2ea6] output=URL of web application :- https://www.saucedemo.com/]]]>
              </value>
            </param>
          </params>
          <reporter-output>
          </reporter-output>
        </test-method> <!-- closeBrowser -->
        <test-method status="PASS" signature="setup()[pri:0, instance:TestCases.LoginPageTest@544a2ea6]" name="setup" is-config="true" duration-ms="4330" started-at="2022-10-29T07:49:02 IST" finished-at="2022-10-29T07:49:07 IST">
          <reporter-output>
          </reporter-output>
        </test-method> <!-- setup -->
        <test-method status="PASS" signature="verifyBotLogoTest()[pri:2, instance:TestCases.LoginPageTest@544a2ea6]" name="verifyBotLogoTest" duration-ms="93" started-at="2022-10-29T07:49:07 IST" finished-at="2022-10-29T07:49:07 IST">
          <reporter-output>
            <line>
              <![CDATA[Bot Logo visibility :- ]]>
            </line>
          </reporter-output>
        </test-method> <!-- verifyBotLogoTest -->
        <test-method status="PASS" signature="closeBrowser(org.testng.ITestResult)[pri:0, instance:TestCases.LoginPageTest@544a2ea6]" name="closeBrowser" is-config="true" duration-ms="163" started-at="2022-10-29T07:49:07 IST" finished-at="2022-10-29T07:49:07 IST">
          <params>
            <param index="0">
              <value>
                <![CDATA[[TestResult name=verifyBotLogoTest status=SUCCESS method=LoginPageTest.verifyBotLogoTest()[pri:2, instance:TestCases.LoginPageTest@544a2ea6] output=Bot Logo visibility :- ]]]>
              </value>
            </param>
          </params>
          <reporter-output>
          </reporter-output>
        </test-method> <!-- closeBrowser -->
        <test-method status="PASS" signature="setup()[pri:0, instance:TestCases.LoginPageTest@544a2ea6]" name="setup" is-config="true" duration-ms="3298" started-at="2022-10-29T07:49:07 IST" finished-at="2022-10-29T07:49:10 IST">
          <reporter-output>
          </reporter-output>
        </test-method> <!-- setup -->
        <test-method status="PASS" signature="verifyLoginLogoTest()[pri:2, instance:TestCases.LoginPageTest@544a2ea6]" name="verifyLoginLogoTest" duration-ms="80" started-at="2022-10-29T07:49:10 IST" finished-at="2022-10-29T07:49:10 IST">
          <reporter-output>
            <line>
              <![CDATA[Login Logo visibility :- ]]>
            </line>
          </reporter-output>
        </test-method> <!-- verifyLoginLogoTest -->
        <test-method status="PASS" signature="closeBrowser(org.testng.ITestResult)[pri:0, instance:TestCases.LoginPageTest@544a2ea6]" name="closeBrowser" is-config="true" duration-ms="213" started-at="2022-10-29T07:49:10 IST" finished-at="2022-10-29T07:49:10 IST">
          <params>
            <param index="0">
              <value>
                <![CDATA[[TestResult name=verifyLoginLogoTest status=SUCCESS method=LoginPageTest.verifyLoginLogoTest()[pri:2, instance:TestCases.LoginPageTest@544a2ea6] output=Login Logo visibility :- ]]]>
              </value>
            </param>
          </params>
          <reporter-output>
          </reporter-output>
        </test-method> <!-- closeBrowser -->
        <test-method status="PASS" signature="setup()[pri:0, instance:TestCases.LoginPageTest@544a2ea6]" name="setup" is-config="true" duration-ms="3322" started-at="2022-10-29T07:49:10 IST" finished-at="2022-10-29T07:49:14 IST">
          <reporter-output>
          </reporter-output>
        </test-method> <!-- setup -->
        <test-method status="PASS" signature="loginToApp1Test()[pri:4, instance:TestCases.LoginPageTest@544a2ea6]" name="loginToApp1Test" duration-ms="1625" started-at="2022-10-29T07:49:14 IST" finished-at="2022-10-29T07:49:15 IST">
          <reporter-output>
            <line>
              <![CDATA[Label Title :- PRODUCTS]]>
            </line>
          </reporter-output>
        </test-method> <!-- loginToApp1Test -->
        <test-method status="PASS" signature="closeBrowser(org.testng.ITestResult)[pri:0, instance:TestCases.LoginPageTest@544a2ea6]" name="closeBrowser" is-config="true" duration-ms="341" started-at="2022-10-29T07:49:15 IST" finished-at="2022-10-29T07:49:16 IST">
          <params>
            <param index="0">
              <value>
                <![CDATA[[TestResult name=loginToApp1Test status=SUCCESS method=LoginPageTest.loginToApp1Test()[pri:4, instance:TestCases.LoginPageTest@544a2ea6] output=Label Title :- PRODUCTS]]]>
              </value>
            </param>
          </params>
          <reporter-output>
          </reporter-output>
        </test-method> <!-- closeBrowser -->
        <test-method status="PASS" signature="setup()[pri:0, instance:TestCases.LoginPageTest@544a2ea6]" name="setup" is-config="true" duration-ms="3372" started-at="2022-10-29T07:49:16 IST" finished-at="2022-10-29T07:49:19 IST">
          <reporter-output>
          </reporter-output>
        </test-method> <!-- setup -->
        <test-method status="FAIL" signature="loginToApp2Test()[pri:5, instance:TestCases.LoginPageTest@544a2ea6]" name="loginToApp2Test" duration-ms="21569" started-at="2022-10-29T07:49:19 IST" finished-at="2022-10-29T07:49:41 IST">
          <exception class="org.openqa.selenium.NoSuchElementException">
            <message>
              <![CDATA[no such element: Unable to locate element: {"method":"xpath","selector":"//input[@id='user-name']"}
  (Session info: chrome=106.0.5249.119)
For documentation on this error, please visit: https://selenium.dev/exceptions/#no_such_element
Build info: version: '4.0.0', revision: '3a21814679'
System info: host: 'apples-MacBook-Air.local', ip: 'fe80:0:0:0:1cc6:388c:f16e:bab3%en0', os.name: 'Mac OS X', os.arch: 'x86_64', os.version: '10.16', java.version: '1.8.0_221'
Driver info: org.openqa.selenium.chrome.ChromeDriver
Command: [de6a3736abd7ee0334abe061ddfdda06, findElement {using=xpath, value=//input[@id='user-name']}]
Capabilities {acceptInsecureCerts: false, browserName: chrome, browserVersion: 106.0.5249.119, chrome: {chromedriverVersion: 106.0.5249.61 (511755355844..., userDataDir: /var/folders/h2/6btvct1572v...}, goog:chromeOptions: {debuggerAddress: localhost:61417}, javascriptEnabled: true, networkConnectionEnabled: false, pageLoadStrategy: normal, platform: MAC, platformName: MAC, proxy: Proxy(), se:cdp: ws://localhost:61417/devtoo..., se:cdpVersion: 106.0.5249.119, setWindowRect: true, strictFileInteractability: false, timeouts: {implicit: 0, pageLoad: 300000, script: 30000}, unhandledPromptBehavior: dismiss and notify, webauthn:extension:credBlob: true, webauthn:extension:largeBlob: true, webauthn:virtualAuthenticators: true}
Session ID: de6a3736abd7ee0334abe061ddfdda06]]>
            </message>
            <full-stacktrace>
              <![CDATA[org.openqa.selenium.NoSuchElementException: no such element: Unable to locate element: {"method":"xpath","selector":"//input[@id='user-name']"}
  (Session info: chrome=106.0.5249.119)
For documentation on this error, please visit: https://selenium.dev/exceptions/#no_such_element
Build info: version: '4.0.0', revision: '3a21814679'
System info: host: 'apples-MacBook-Air.local', ip: 'fe80:0:0:0:1cc6:388c:f16e:bab3%en0', os.name: 'Mac OS X', os.arch: 'x86_64', os.version: '10.16', java.version: '1.8.0_221'
Driver info: org.openqa.selenium.chrome.ChromeDriver
Command: [de6a3736abd7ee0334abe061ddfdda06, findElement {using=xpath, value=//input[@id='user-name']}]
Capabilities {acceptInsecureCerts: false, browserName: chrome, browserVersion: 106.0.5249.119, chrome: {chromedriverVersion: 106.0.5249.61 (511755355844..., userDataDir: /var/folders/h2/6btvct1572v...}, goog:chromeOptions: {debuggerAddress: localhost:61417}, javascriptEnabled: true, networkConnectionEnabled: false, pageLoadStrategy: normal, platform: MAC, platformName: MAC, proxy: Proxy(), se:cdp: ws://localhost:61417/devtoo..., se:cdpVersion: 106.0.5249.119, setWindowRect: true, strictFileInteractability: false, timeouts: {implicit: 0, pageLoad: 300000, script: 30000}, unhandledPromptBehavior: dismiss and notify, webauthn:extension:credBlob: true, webauthn:extension:largeBlob: true, webauthn:virtualAuthenticators: true}
Session ID: de6a3736abd7ee0334abe061ddfdda06
at sun.reflect.NativeConstructorAccessorImpl.newInstance0(Native Method)
at sun.reflect.NativeConstructorAccessorImpl.newInstance(NativeConstructorAccessorImpl.java:62)
at sun.reflect.DelegatingConstructorAccessorImpl.newInstance(DelegatingConstructorAccessorImpl.java:45)
at java.lang.reflect.Constructor.newInstance(Constructor.java:423)
at org.openqa.selenium.remote.codec.w3c.W3CHttpResponseCodec.createException(W3CHttpResponseCodec.java:200)
at org.openqa.selenium.remote.codec.w3c.W3CHttpResponseCodec.decode(W3CHttpResponseCodec.java:133)
at org.openqa.selenium.remote.codec.w3c.W3CHttpResponseCodec.decode(W3CHttpResponseCodec.java:53)
at org.openqa.selenium.remote.HttpCommandExecutor.execute(HttpCommandExecutor.java:184)
at org.openqa.selenium.remote.service.DriverCommandExecutor.invokeExecute(DriverCommandExecutor.java:164)
at org.openqa.selenium.remote.service.DriverCommandExecutor.execute(DriverCommandExecutor.java:139)
at org.openqa.selenium.remote.RemoteWebDriver.execute(RemoteWebDriver.java:559)
at org.openqa.selenium.remote.ElementLocation$ElementFinder$2.findElement(ElementLocation.java:162)
at org.openqa.selenium.remote.ElementLocation.findElement(ElementLocation.java:60)
at org.openqa.selenium.remote.RemoteWebDriver.findElement(RemoteWebDriver.java:383)
at org.openqa.selenium.remote.RemoteWebDriver.findElement(RemoteWebDriver.java:375)
at org.openqa.selenium.support.pagefactory.DefaultElementLocator.findElement(DefaultElementLocator.java:70)
at org.openqa.selenium.support.pagefactory.internal.LocatingElementHandler.invoke(LocatingElementHandler.java:39)
at com.sun.proxy.$Proxy14.sendKeys(Unknown Source)
at Pages.LoginPage.loginToApp1(LoginPage.java:63)
at Pages.LoginPage.loginToApp2(LoginPage.java:38)
at TestCases.LoginPageTest.loginToApp2Test(LoginPageTest.java:71)
at sun.reflect.NativeMethodAccessorImpl.invoke0(Native Method)
at sun.reflect.NativeMethodAccessorImpl.invoke(NativeMethodAccessorImpl.java:62)
at sun.reflect.DelegatingMethodAccessorImpl.invoke(DelegatingMethodAccessorImpl.java:43)
at java.lang.reflect.Method.invoke(Method.java:498)
at org.testng.internal.invokers.MethodInvocationHelper.invokeMethod(MethodInvocationHelper.java:135)
at org.testng.internal.invokers.TestInvoker.invokeMethod(TestInvoker.java:673)
at org.testng.internal.invokers.TestInvoker.invokeTestMethod(TestInvoker.java:220)
at org.testng.internal.invokers.MethodRunner.runInSequence(MethodRunner.java:50)
at org.testng.internal.invokers.TestInvoker$MethodInvocationAgent.invoke(TestInvoker.java:945)
at org.testng.internal.invokers.TestInvoker.invokeTestMethods(TestInvoker.java:193)
at org.testng.internal.invokers.TestMethodWorker.invokeTestMethods(TestMethodWorker.java:146)
at org.testng.internal.invokers.TestMethodWorker.run(TestMethodWorker.java:128)
at java.util.ArrayList.forEach(ArrayList.java:1257)
at org.testng.TestRunner.privateRun(TestRunner.java:808)
at org.testng.TestRunner.run(TestRunner.java:603)
at org.testng.SuiteRunner.runTest(SuiteRunner.java:429)
at org.testng.SuiteRunner.runSequentially(SuiteRunner.java:423)
at org.testng.SuiteRunner.privateRun(SuiteRunner.java:383)
at org.testng.SuiteRunner.run(SuiteRunner.java:326)
at org.testng.SuiteRunnerWorker.runSuite(SuiteRunnerWorker.java:52)
at org.testng.SuiteRunnerWorker.run(SuiteRunnerWorker.java:95)
at org.testng.TestNG.runSuitesSequentially(TestNG.java:1249)
at org.testng.TestNG.runSuitesLocally(TestNG.java:1169)
at org.testng.TestNG.runSuites(TestNG.java:1092)
at org.testng.TestNG.run(TestNG.java:1060)
at org.testng.remote.AbstractRemoteTestNG.run(AbstractRemoteTestNG.java:115)
at org.testng.remote.RemoteTestNG.initAndRun(RemoteTestNG.java:251)
at org.testng.remote.RemoteTestNG.main(RemoteTestNG.java:77)
]]>
            </full-stacktrace>
          </exception> <!-- org.openqa.selenium.NoSuchElementException -->
          <reporter-output>
          </reporter-output>
        </test-method> <!-- loginToApp2Test -->
        <test-method status="PASS" signature="closeBrowser(org.testng.ITestResult)[pri:0, instance:TestCases.LoginPageTest@544a2ea6]" name="closeBrowser" is-config="true" duration-ms="1025" started-at="2022-10-29T07:49:41 IST" finished-at="2022-10-29T07:49:42 IST">
          <params>
            <param index="0">
              <value>
                <![CDATA[[TestResult name=loginToApp2Test status=FAILURE method=LoginPageTest.loginToApp2Test()[pri:5, instance:TestCases.LoginPageTest@544a2ea6] output={null}]]]>
              </value>
            </param>
          </params>
          <reporter-output>
          </reporter-output>
        </test-method> <!-- closeBrowser -->
      </class> <!-- TestCases.LoginPageTest -->
    </test> <!-- Default test -->
  </suite> <!-- Default suite -->
</testng-results>
